<?xml version="1.0" encoding="UTF-8"?>
<testng-results skipped="0" failed="2" ignored="0" total="5" passed="3">
  <reporter-output>
  </reporter-output>
  <suite name="Default suite" duration-ms="99678" started-at="2021-05-14T18:57:00 EET" finished-at="2021-05-14T18:58:39 EET">
    <groups>
    </groups>
    <test name="Default test" duration-ms="99678" started-at="2021-05-14T18:57:00 EET" finished-at="2021-05-14T18:58:39 EET">
      <class name="test.LoginPageTest">
        <test-method status="PASS" signature="setupTest()[pri:0, instance:test.LoginPageTest@58a90037]" name="setupTest" is-config="true" duration-ms="299" started-at="2021-05-14T18:57:00 EET" finished-at="2021-05-14T18:57:00 EET">
          <reporter-output>
          </reporter-output>
        </test-method> <!-- setupTest -->
        <test-method status="PASS" signature="setupMethod()[pri:0, instance:test.LoginPageTest@58a90037]" name="setupMethod" is-config="true" duration-ms="9271" started-at="2021-05-14T18:57:00 EET" finished-at="2021-05-14T18:57:09 EET">
          <reporter-output>
          </reporter-output>
        </test-method> <!-- setupMethod -->
        <test-method status="PASS" signature="VerifyCheckOut()[pri:0, instance:test.LoginPageTest@58a90037]" name="VerifyCheckOut" duration-ms="17945" started-at="2021-05-14T18:57:09 EET" finished-at="2021-05-14T18:57:27 EET">
          <reporter-output>
          </reporter-output>
        </test-method> <!-- VerifyCheckOut -->
        <test-method status="PASS" signature="tearDownMethod(org.testng.ITestResult)[pri:0, instance:test.LoginPageTest@58a90037]" name="tearDownMethod" is-config="true" duration-ms="287" started-at="2021-05-14T18:57:27 EET" finished-at="2021-05-14T18:57:27 EET">
          <params>
            <param index="0">
              <value>
                <![CDATA[[TestResult name=VerifyCheckOut status=SUCCESS method=LoginPageTest.VerifyCheckOut()[pri:0, instance:test.LoginPageTest@58a90037] output={null}]]]>
              </value>
            </param>
          </params>
          <reporter-output>
          </reporter-output>
        </test-method> <!-- tearDownMethod -->
        <test-method status="PASS" signature="setupMethod()[pri:0, instance:test.LoginPageTest@58a90037]" name="setupMethod" is-config="true" duration-ms="14589" started-at="2021-05-14T18:57:28 EET" finished-at="2021-05-14T18:57:43 EET">
          <reporter-output>
          </reporter-output>
        </test-method> <!-- setupMethod -->
        <test-method status="FAIL" signature="VerifyRegistration(java.lang.String, java.lang.String, java.lang.String, java.lang.String, java.lang.String, java.lang.String, java.lang.String, java.lang.String, java.lang.String, java.lang.String, java.lang.String, java.lang.String, java.lang.String, java.lang.String, java.lang.String, java.lang.String, java.lang.String, java.lang.String)[pri:0, instance:test.LoginPageTest@58a90037]" name="VerifyRegistration" duration-ms="10323" started-at="2021-05-14T18:57:43 EET" data-provider="readRegistrationDataFromExcelFile" finished-at="2021-05-14T18:57:53 EET">
          <params>
            <param index="0">
              <value>
                <![CDATA[abcxyz1@mail.com]]>
              </value>
            </param>
            <param index="1">
              <value>
                <![CDATA[Male]]>
              </value>
            </param>
            <param index="2">
              <value>
                <![CDATA[Mostafa]]>
              </value>
            </param>
            <param index="3">
              <value>
                <![CDATA[Metwally]]>
              </value>
            </param>
            <param index="4">
              <value>
                <![CDATA[Mostafa121]]>
              </value>
            </param>
            <param index="5">
              <value>
                <![CDATA[1]]>
              </value>
            </param>
            <param index="6">
              <value>
                <![CDATA[3]]>
              </value>
            </param>
            <param index="7">
              <value>
                <![CDATA[2000]]>
              </value>
            </param>
            <param index="8">
              <value>
                <![CDATA[Nasr City]]>
              </value>
            </param>
            <param index="9">
              <value>
                <![CDATA[Free Zone]]>
              </value>
            </param>
            <param index="10">
              <value>
                <![CDATA[Vodafone]]>
              </value>
            </param>
            <param index="11">
              <value>
                <![CDATA[Ali Mekkawy]]>
              </value>
            </param>
            <param index="12">
              <value>
                <![CDATA[third floor]]>
              </value>
            </param>
            <param index="13">
              <value>
                <![CDATA[Cairo]]>
              </value>
            </param>
            <param index="14">
              <value>
                <![CDATA[California]]>
              </value>
            </param>
            <param index="15">
              <value>
                <![CDATA[11511]]>
              </value>
            </param>
            <param index="16">
              <value>
                <![CDATA[01111111111]]>
              </value>
            </param>
            <param index="17">
              <value>
                <![CDATA[Nasr City, Cairo, Egypt]]>
              </value>
            </param>
          </params>
          <exception class="org.openqa.selenium.NoSuchElementException">
            <message>
              <![CDATA[no such element: Unable to locate element: {"method":"css selector","selector":"#days"}
  (Session info: chrome=90.0.4430.93)
For documentation on this error, please visit: https://www.seleniumhq.org/exceptions/no_such_element.html
Build info: version: '3.141.59', revision: 'e82be7d358', time: '2018-11-14T08:25:48'
System info: host: 'DESKTOP-V01NHOK', ip: '192.168.1.6', os.name: 'Windows 10', os.arch: 'amd64', os.version: '10.0', java.version: '1.8.0_221'
Driver info: org.openqa.selenium.chrome.ChromeDriver
Capabilities {acceptInsecureCerts: false, browserName: chrome, browserVersion: 90.0.4430.93, chrome: {chromedriverVersion: 90.0.4430.24 (4c6d850f087da..., userDataDir: C:\Users\Mostafa\AppData\Lo...}, goog:chromeOptions: {debuggerAddress: localhost:51971}, javascriptEnabled: true, networkConnectionEnabled: false, pageLoadStrategy: normal, platform: WINDOWS, platformName: WINDOWS, proxy: Proxy(), setWindowRect: true, strictFileInteractability: false, timeouts: {implicit: 0, pageLoad: 300000, script: 30000}, unhandledPromptBehavior: dismiss and notify, webauthn:extension:largeBlob: true, webauthn:virtualAuthenticators: true}
Session ID: 279d3e0dc4d98e1c8f85bd8eca88fa8c
*** Element info: {Using=id, value=days}]]>
            </message>
            <full-stacktrace>
              <![CDATA[org.openqa.selenium.NoSuchElementException: no such element: Unable to locate element: {"method":"css selector","selector":"#days"}
  (Session info: chrome=90.0.4430.93)
For documentation on this error, please visit: https://www.seleniumhq.org/exceptions/no_such_element.html
Build info: version: '3.141.59', revision: 'e82be7d358', time: '2018-11-14T08:25:48'
System info: host: 'DESKTOP-V01NHOK', ip: '192.168.1.6', os.name: 'Windows 10', os.arch: 'amd64', os.version: '10.0', java.version: '1.8.0_221'
Driver info: org.openqa.selenium.chrome.ChromeDriver
Capabilities {acceptInsecureCerts: false, browserName: chrome, browserVersion: 90.0.4430.93, chrome: {chromedriverVersion: 90.0.4430.24 (4c6d850f087da..., userDataDir: C:\Users\Mostafa\AppData\Lo...}, goog:chromeOptions: {debuggerAddress: localhost:51971}, javascriptEnabled: true, networkConnectionEnabled: false, pageLoadStrategy: normal, platform: WINDOWS, platformName: WINDOWS, proxy: Proxy(), setWindowRect: true, strictFileInteractability: false, timeouts: {implicit: 0, pageLoad: 300000, script: 30000}, unhandledPromptBehavior: dismiss and notify, webauthn:extension:largeBlob: true, webauthn:virtualAuthenticators: true}
Session ID: 279d3e0dc4d98e1c8f85bd8eca88fa8c
*** Element info: {Using=id, value=days}
at sun.reflect.NativeConstructorAccessorImpl.newInstance0(Native Method)
at sun.reflect.NativeConstructorAccessorImpl.newInstance(NativeConstructorAccessorImpl.java:62)
at sun.reflect.DelegatingConstructorAccessorImpl.newInstance(DelegatingConstructorAccessorImpl.java:45)
at java.lang.reflect.Constructor.newInstance(Constructor.java:423)
at org.openqa.selenium.remote.http.W3CHttpResponseCodec.createException(W3CHttpResponseCodec.java:187)
at org.openqa.selenium.remote.http.W3CHttpResponseCodec.decode(W3CHttpResponseCodec.java:122)
at org.openqa.selenium.remote.http.W3CHttpResponseCodec.decode(W3CHttpResponseCodec.java:49)
at org.openqa.selenium.remote.HttpCommandExecutor.execute(HttpCommandExecutor.java:158)
at org.openqa.selenium.remote.service.DriverCommandExecutor.execute(DriverCommandExecutor.java:83)
at org.openqa.selenium.remote.RemoteWebDriver.execute(RemoteWebDriver.java:552)
at org.openqa.selenium.remote.RemoteWebDriver.findElement(RemoteWebDriver.java:323)
at org.openqa.selenium.remote.RemoteWebDriver.findElementById(RemoteWebDriver.java:372)
at org.openqa.selenium.By$ById.findElement(By.java:188)
at org.openqa.selenium.remote.RemoteWebDriver.findElement(RemoteWebDriver.java:315)
at org.openqa.selenium.support.pagefactory.DefaultElementLocator.findElement(DefaultElementLocator.java:69)
at org.openqa.selenium.support.pagefactory.internal.LocatingElementHandler.invoke(LocatingElementHandler.java:38)
at com.sun.proxy.$Proxy12.getTagName(Unknown Source)
at org.openqa.selenium.support.ui.Select.<init>(Select.java:45)
at pages.LoginPage.createAccount_2(LoginPage.java:138)
at test.LoginPageTest.VerifyRegistration(LoginPageTest.java:52)
at sun.reflect.NativeMethodAccessorImpl.invoke0(Native Method)
at sun.reflect.NativeMethodAccessorImpl.invoke(NativeMethodAccessorImpl.java:62)
at sun.reflect.DelegatingMethodAccessorImpl.invoke(DelegatingMethodAccessorImpl.java:43)
at java.lang.reflect.Method.invoke(Method.java:498)
at org.testng.internal.MethodInvocationHelper.invokeMethod(MethodInvocationHelper.java:134)
at org.testng.internal.TestInvoker.invokeMethod(TestInvoker.java:597)
at org.testng.internal.TestInvoker.invokeTestMethod(TestInvoker.java:173)
at org.testng.internal.MethodRunner.runInSequence(MethodRunner.java:46)
at org.testng.internal.TestInvoker$MethodInvocationAgent.invoke(TestInvoker.java:816)
at org.testng.internal.TestInvoker.invokeTestMethods(TestInvoker.java:146)
at org.testng.internal.TestMethodWorker.invokeTestMethods(TestMethodWorker.java:146)
at org.testng.internal.TestMethodWorker.run(TestMethodWorker.java:128)
at java.util.ArrayList.forEach(ArrayList.java:1257)
at org.testng.TestRunner.privateRun(TestRunner.java:766)
at org.testng.TestRunner.run(TestRunner.java:587)
at org.testng.SuiteRunner.runTest(SuiteRunner.java:384)
at org.testng.SuiteRunner.runSequentially(SuiteRunner.java:378)
at org.testng.SuiteRunner.privateRun(SuiteRunner.java:337)
at org.testng.SuiteRunner.run(SuiteRunner.java:286)
at org.testng.SuiteRunnerWorker.runSuite(SuiteRunnerWorker.java:53)
at org.testng.SuiteRunnerWorker.run(SuiteRunnerWorker.java:96)
at org.testng.TestNG.runSuitesSequentially(TestNG.java:1187)
at org.testng.TestNG.runSuitesLocally(TestNG.java:1109)
at org.testng.TestNG.runSuites(TestNG.java:1039)
at org.testng.TestNG.run(TestNG.java:1007)
at org.testng.remote.AbstractRemoteTestNG.run(AbstractRemoteTestNG.java:115)
at org.testng.remote.RemoteTestNG.initAndRun(RemoteTestNG.java:251)
at org.testng.remote.RemoteTestNG.main(RemoteTestNG.java:77)
]]>
            </full-stacktrace>
          </exception> <!-- org.openqa.selenium.NoSuchElementException -->
          <reporter-output>
          </reporter-output>
        </test-method> <!-- VerifyRegistration -->
        <test-method status="PASS" signature="tearDownMethod(org.testng.ITestResult)[pri:0, instance:test.LoginPageTest@58a90037]" name="tearDownMethod" is-config="true" duration-ms="5168" started-at="2021-05-14T18:57:53 EET" finished-at="2021-05-14T18:57:58 EET">
          <params>
            <param index="0">
              <value>
                <![CDATA[[TestResult name=VerifyRegistration status=FAILURE method=LoginPageTest.VerifyRegistration(java.lang.String, java.lang.String, java.lang.String, java.lang.String, java.lang.String, java.lang.String, java.lang.String, java.lang.String, java.lang.String, java.lang.String, java.lang.String, java.lang.String, java.lang.String, java.lang.String, java.lang.String, java.lang.String, java.lang.String, java.lang.String)[pri:0, instance:test.LoginPageTest@58a90037] output={null}]]]>
              </value>
            </param>
          </params>
          <reporter-output>
          </reporter-output>
        </test-method> <!-- tearDownMethod -->
        <test-method status="PASS" signature="setupMethod()[pri:0, instance:test.LoginPageTest@58a90037]" name="setupMethod" is-config="true" duration-ms="7559" started-at="2021-05-14T18:57:58 EET" finished-at="2021-05-14T18:58:06 EET">
          <reporter-output>
          </reporter-output>
        </test-method> <!-- setupMethod -->
        <test-method status="FAIL" signature="VerifyRegistration(java.lang.String, java.lang.String, java.lang.String, java.lang.String, java.lang.String, java.lang.String, java.lang.String, java.lang.String, java.lang.String, java.lang.String, java.lang.String, java.lang.String, java.lang.String, java.lang.String, java.lang.String, java.lang.String, java.lang.String, java.lang.String)[pri:0, instance:test.LoginPageTest@58a90037]" name="VerifyRegistration" duration-ms="10355" started-at="2021-05-14T18:58:06 EET" data-provider="readRegistrationDataFromExcelFile" finished-at="2021-05-14T18:58:16 EET">
          <params>
            <param index="0">
              <value>
                <![CDATA[abcxyz5@mail.com]]>
              </value>
            </param>
            <param index="1">
              <value>
                <![CDATA[Male]]>
              </value>
            </param>
            <param index="2">
              <value>
                <![CDATA[Mostafa]]>
              </value>
            </param>
            <param index="3">
              <value>
                <![CDATA[Metwally]]>
              </value>
            </param>
            <param index="4">
              <value>
                <![CDATA[Mostafa121]]>
              </value>
            </param>
            <param index="5">
              <value>
                <![CDATA[1]]>
              </value>
            </param>
            <param index="6">
              <value>
                <![CDATA[3]]>
              </value>
            </param>
            <param index="7">
              <value>
                <![CDATA[2000]]>
              </value>
            </param>
            <param index="8">
              <value>
                <![CDATA[Nasr City]]>
              </value>
            </param>
            <param index="9">
              <value>
                <![CDATA[Free Zone]]>
              </value>
            </param>
            <param index="10">
              <value>
                <![CDATA[Vodafone]]>
              </value>
            </param>
            <param index="11">
              <value>
                <![CDATA[Ali Mekkawy]]>
              </value>
            </param>
            <param index="12">
              <value>
                <![CDATA[third floor]]>
              </value>
            </param>
            <param index="13">
              <value>
                <![CDATA[Cairo]]>
              </value>
            </param>
            <param index="14">
              <value>
                <![CDATA[California]]>
              </value>
            </param>
            <param index="15">
              <value>
                <![CDATA[11511]]>
              </value>
            </param>
            <param index="16">
              <value>
                <![CDATA[01111111111]]>
              </value>
            </param>
            <param index="17">
              <value>
                <![CDATA[Nasr City, Cairo, Egypt]]>
              </value>
            </param>
          </params>
          <exception class="org.openqa.selenium.NoSuchElementException">
            <message>
              <![CDATA[no such element: Unable to locate element: {"method":"css selector","selector":"#days"}
  (Session info: chrome=90.0.4430.93)
For documentation on this error, please visit: https://www.seleniumhq.org/exceptions/no_such_element.html
Build info: version: '3.141.59', revision: 'e82be7d358', time: '2018-11-14T08:25:48'
System info: host: 'DESKTOP-V01NHOK', ip: '192.168.1.6', os.name: 'Windows 10', os.arch: 'amd64', os.version: '10.0', java.version: '1.8.0_221'
Driver info: org.openqa.selenium.chrome.ChromeDriver
Capabilities {acceptInsecureCerts: false, browserName: chrome, browserVersion: 90.0.4430.93, chrome: {chromedriverVersion: 90.0.4430.24 (4c6d850f087da..., userDataDir: C:\Users\Mostafa\AppData\Lo...}, goog:chromeOptions: {debuggerAddress: localhost:52010}, javascriptEnabled: true, networkConnectionEnabled: false, pageLoadStrategy: normal, platform: WINDOWS, platformName: WINDOWS, proxy: Proxy(), setWindowRect: true, strictFileInteractability: false, timeouts: {implicit: 0, pageLoad: 300000, script: 30000}, unhandledPromptBehavior: dismiss and notify, webauthn:extension:largeBlob: true, webauthn:virtualAuthenticators: true}
Session ID: 6b93ddea1e781c36755fb8fd55f0187a
*** Element info: {Using=id, value=days}]]>
            </message>
            <full-stacktrace>
              <![CDATA[org.openqa.selenium.NoSuchElementException: no such element: Unable to locate element: {"method":"css selector","selector":"#days"}
  (Session info: chrome=90.0.4430.93)
For documentation on this error, please visit: https://www.seleniumhq.org/exceptions/no_such_element.html
Build info: version: '3.141.59', revision: 'e82be7d358', time: '2018-11-14T08:25:48'
System info: host: 'DESKTOP-V01NHOK', ip: '192.168.1.6', os.name: 'Windows 10', os.arch: 'amd64', os.version: '10.0', java.version: '1.8.0_221'
Driver info: org.openqa.selenium.chrome.ChromeDriver
Capabilities {acceptInsecureCerts: false, browserName: chrome, browserVersion: 90.0.4430.93, chrome: {chromedriverVersion: 90.0.4430.24 (4c6d850f087da..., userDataDir: C:\Users\Mostafa\AppData\Lo...}, goog:chromeOptions: {debuggerAddress: localhost:52010}, javascriptEnabled: true, networkConnectionEnabled: false, pageLoadStrategy: normal, platform: WINDOWS, platformName: WINDOWS, proxy: Proxy(), setWindowRect: true, strictFileInteractability: false, timeouts: {implicit: 0, pageLoad: 300000, script: 30000}, unhandledPromptBehavior: dismiss and notify, webauthn:extension:largeBlob: true, webauthn:virtualAuthenticators: true}
Session ID: 6b93ddea1e781c36755fb8fd55f0187a
*** Element info: {Using=id, value=days}
at sun.reflect.NativeConstructorAccessorImpl.newInstance0(Native Method)
at sun.reflect.NativeConstructorAccessorImpl.newInstance(NativeConstructorAccessorImpl.java:62)
at sun.reflect.DelegatingConstructorAccessorImpl.newInstance(DelegatingConstructorAccessorImpl.java:45)
at java.lang.reflect.Constructor.newInstance(Constructor.java:423)
at org.openqa.selenium.remote.http.W3CHttpResponseCodec.createException(W3CHttpResponseCodec.java:187)
at org.openqa.selenium.remote.http.W3CHttpResponseCodec.decode(W3CHttpResponseCodec.java:122)
at org.openqa.selenium.remote.http.W3CHttpResponseCodec.decode(W3CHttpResponseCodec.java:49)
at org.openqa.selenium.remote.HttpCommandExecutor.execute(HttpCommandExecutor.java:158)
at org.openqa.selenium.remote.service.DriverCommandExecutor.execute(DriverCommandExecutor.java:83)
at org.openqa.selenium.remote.RemoteWebDriver.execute(RemoteWebDriver.java:552)
at org.openqa.selenium.remote.RemoteWebDriver.findElement(RemoteWebDriver.java:323)
at org.openqa.selenium.remote.RemoteWebDriver.findElementById(RemoteWebDriver.java:372)
at org.openqa.selenium.By$ById.findElement(By.java:188)
at org.openqa.selenium.remote.RemoteWebDriver.findElement(RemoteWebDriver.java:315)
at org.openqa.selenium.support.pagefactory.DefaultElementLocator.findElement(DefaultElementLocator.java:69)
at org.openqa.selenium.support.pagefactory.internal.LocatingElementHandler.invoke(LocatingElementHandler.java:38)
at com.sun.proxy.$Proxy12.getTagName(Unknown Source)
at org.openqa.selenium.support.ui.Select.<init>(Select.java:45)
at pages.LoginPage.createAccount_2(LoginPage.java:138)
at test.LoginPageTest.VerifyRegistration(LoginPageTest.java:52)
at sun.reflect.NativeMethodAccessorImpl.invoke0(Native Method)
at sun.reflect.NativeMethodAccessorImpl.invoke(NativeMethodAccessorImpl.java:62)
at sun.reflect.DelegatingMethodAccessorImpl.invoke(DelegatingMethodAccessorImpl.java:43)
at java.lang.reflect.Method.invoke(Method.java:498)
at org.testng.internal.MethodInvocationHelper.invokeMethod(MethodInvocationHelper.java:134)
at org.testng.internal.TestInvoker.invokeMethod(TestInvoker.java:597)
at org.testng.internal.TestInvoker.invokeTestMethod(TestInvoker.java:173)
at org.testng.internal.MethodRunner.runInSequence(MethodRunner.java:46)
at org.testng.internal.TestInvoker$MethodInvocationAgent.invoke(TestInvoker.java:816)
at org.testng.internal.TestInvoker.invokeTestMethods(TestInvoker.java:146)
at org.testng.internal.TestMethodWorker.invokeTestMethods(TestMethodWorker.java:146)
at org.testng.internal.TestMethodWorker.run(TestMethodWorker.java:128)
at java.util.ArrayList.forEach(ArrayList.java:1257)
at org.testng.TestRunner.privateRun(TestRunner.java:766)
at org.testng.TestRunner.run(TestRunner.java:587)
at org.testng.SuiteRunner.runTest(SuiteRunner.java:384)
at org.testng.SuiteRunner.runSequentially(SuiteRunner.java:378)
at org.testng.SuiteRunner.privateRun(SuiteRunner.java:337)
at org.testng.SuiteRunner.run(SuiteRunner.java:286)
at org.testng.SuiteRunnerWorker.runSuite(SuiteRunnerWorker.java:53)
at org.testng.SuiteRunnerWorker.run(SuiteRunnerWorker.java:96)
at org.testng.TestNG.runSuitesSequentially(TestNG.java:1187)
at org.testng.TestNG.runSuitesLocally(TestNG.java:1109)
at org.testng.TestNG.runSuites(TestNG.java:1039)
at org.testng.TestNG.run(TestNG.java:1007)
at org.testng.remote.AbstractRemoteTestNG.run(AbstractRemoteTestNG.java:115)
at org.testng.remote.RemoteTestNG.initAndRun(RemoteTestNG.java:251)
at org.testng.remote.RemoteTestNG.main(RemoteTestNG.java:77)
]]>
            </full-stacktrace>
          </exception> <!-- org.openqa.selenium.NoSuchElementException -->
          <reporter-output>
          </reporter-output>
        </test-method> <!-- VerifyRegistration -->
        <test-method status="PASS" signature="tearDownMethod(org.testng.ITestResult)[pri:0, instance:test.LoginPageTest@58a90037]" name="tearDownMethod" is-config="true" duration-ms="480" started-at="2021-05-14T18:58:16 EET" finished-at="2021-05-14T18:58:17 EET">
          <params>
            <param index="0">
              <value>
                <![CDATA[[TestResult name=VerifyRegistration status=FAILURE method=LoginPageTest.VerifyRegistration(java.lang.String, java.lang.String, java.lang.String, java.lang.String, java.lang.String, java.lang.String, java.lang.String, java.lang.String, java.lang.String, java.lang.String, java.lang.String, java.lang.String, java.lang.String, java.lang.String, java.lang.String, java.lang.String, java.lang.String, java.lang.String)[pri:0, instance:test.LoginPageTest@58a90037] output={null}]]]>
              </value>
            </param>
          </params>
          <reporter-output>
          </reporter-output>
        </test-method> <!-- tearDownMethod -->
        <test-method status="PASS" signature="setupMethod()[pri:0, instance:test.LoginPageTest@58a90037]" name="setupMethod" is-config="true" duration-ms="7175" started-at="2021-05-14T18:58:17 EET" finished-at="2021-05-14T18:58:24 EET">
          <reporter-output>
          </reporter-output>
        </test-method> <!-- setupMethod -->
        <test-method status="PASS" signature="VerifyLogin(java.lang.String, java.lang.String)[pri:2, instance:test.LoginPageTest@58a90037]" name="VerifyLogin" duration-ms="2195" started-at="2021-05-14T18:58:24 EET" data-provider="readLoginDataFromExcelFile" finished-at="2021-05-14T18:58:26 EET">
          <params>
            <param index="0">
              <value>
                <![CDATA[xyz@mail.com]]>
              </value>
            </param>
            <param index="1">
              <value>
                <![CDATA[Mostaf121]]>
              </value>
            </param>
          </params>
          <reporter-output>
          </reporter-output>
        </test-method> <!-- VerifyLogin -->
        <test-method status="PASS" signature="tearDownMethod(org.testng.ITestResult)[pri:0, instance:test.LoginPageTest@58a90037]" name="tearDownMethod" is-config="true" duration-ms="1015" started-at="2021-05-14T18:58:26 EET" finished-at="2021-05-14T18:58:27 EET">
          <params>
            <param index="0">
              <value>
                <![CDATA[[TestResult name=VerifyLogin status=SUCCESS method=LoginPageTest.VerifyLogin(java.lang.String, java.lang.String)[pri:2, instance:test.LoginPageTest@58a90037] output={null}]]]>
              </value>
            </param>
          </params>
          <reporter-output>
          </reporter-output>
        </test-method> <!-- tearDownMethod -->
        <test-method status="PASS" signature="setupMethod()[pri:0, instance:test.LoginPageTest@58a90037]" name="setupMethod" is-config="true" duration-ms="7189" started-at="2021-05-14T18:58:27 EET" finished-at="2021-05-14T18:58:34 EET">
          <reporter-output>
          </reporter-output>
        </test-method> <!-- setupMethod -->
        <test-method status="PASS" signature="VerifyLogin(java.lang.String, java.lang.String)[pri:2, instance:test.LoginPageTest@58a90037]" name="VerifyLogin" duration-ms="4137" started-at="2021-05-14T18:58:34 EET" data-provider="readLoginDataFromExcelFile" finished-at="2021-05-14T18:58:39 EET">
          <params>
            <param index="0">
              <value>
                <![CDATA[xyz2@mail.com]]>
              </value>
            </param>
            <param index="1">
              <value>
                <![CDATA[Mostaf121]]>
              </value>
            </param>
          </params>
          <reporter-output>
          </reporter-output>
        </test-method> <!-- VerifyLogin -->
        <test-method status="PASS" signature="tearDownMethod(org.testng.ITestResult)[pri:0, instance:test.LoginPageTest@58a90037]" name="tearDownMethod" is-config="true" duration-ms="179" started-at="2021-05-14T18:58:39 EET" finished-at="2021-05-14T18:58:39 EET">
          <params>
            <param index="0">
              <value>
                <![CDATA[[TestResult name=VerifyLogin status=SUCCESS method=LoginPageTest.VerifyLogin(java.lang.String, java.lang.String)[pri:2, instance:test.LoginPageTest@58a90037] output={null}]]]>
              </value>
            </param>
          </params>
          <reporter-output>
          </reporter-output>
        </test-method> <!-- tearDownMethod -->
        <test-method status="PASS" signature="tearDownTest()[pri:0, instance:test.LoginPageTest@58a90037]" name="tearDownTest" is-config="true" duration-ms="453" started-at="2021-05-14T18:58:39 EET" finished-at="2021-05-14T18:58:39 EET">
          <reporter-output>
          </reporter-output>
        </test-method> <!-- tearDownTest -->
      </class> <!-- test.LoginPageTest -->
    </test> <!-- Default test -->
  </suite> <!-- Default suite -->
</testng-results>
